<?xml version="1.0" encoding="UTF-8"?>
<testsuite name="BankTransactionTest" tests="2" skipped="0" failures="0" errors="0" timestamp="2019-05-08T20:59:23" hostname="Integrals-MacBook-Pro.local" time="0.002">
  <properties/>
  <testcase name="returnAccountStatementAfterDeposit" classname="BankTransactionTest" time="0.002"/>
  <testcase name="returnAccountStatementAfterWithdraw" classname="BankTransactionTest" time="0.0"/>
  <system-out><![CDATA[]]></system-out>
  <system-err><![CDATA[]]></system-err>
</testsuite>
